0 info it worked if it ends with ok
1 verbose cli [ 'C:\\Program Files\\nodejs\\node.exe',
1 verbose cli   'C:\\Program Files\\nodejs\\node_modules\\npm\\bin\\npm-cli.js',
1 verbose cli   'start' ]
2 info using npm@4.0.5
3 info using node@v7.4.0
4 verbose run-script [ 'prestart', 'start', 'poststart' ]
5 info lifecycle mongoosedemo@1.0.0~prestart: mongoosedemo@1.0.0
6 silly lifecycle mongoosedemo@1.0.0~prestart: no script for prestart, continuing
7 info lifecycle mongoosedemo@1.0.0~start: mongoosedemo@1.0.0
8 verbose lifecycle mongoosedemo@1.0.0~start: unsafe-perm in lifecycle true
9 verbose lifecycle mongoosedemo@1.0.0~start: PATH: C:\Program Files\nodejs\node_modules\npm\bin\node-gyp-bin;C:\Users\ejer\Desktop\Skole arb\Datamatiker\JavaScript\P3Handin\mongooseExercise\node_modules\.bin;C:\ProgramData\Oracle\Java\javapath;C:\Program Files (x86)\Intel\iCLS Client\;C:\Program Files\Intel\iCLS Client\;C:\Windows\system32;C:\Windows;C:\Windows\System32\Wbem;C:\Windows\System32\WindowsPowerShell\v1.0\;C:\Program Files\Intel\Intel(R) Management Engine Components\DAL;C:\Program Files\Intel\Intel(R) Management Engine Components\IPT;C:\Program Files (x86)\Intel\Intel(R) Management Engine Components\DAL;C:\Program Files (x86)\Intel\Intel(R) Management Engine Components\IPT;C:\Program Files\Acer\Remote Files\;C:\WINDOWS\system32;C:\WINDOWS;C:\WINDOWS\System32\Wbem;C:\WINDOWS\System32\WindowsPowerShell\v1.0\;C:\Program Files (x86)\MySQL\MySQL Fabric 1.5 & MySQL Utilities 1.5\;C:\Program Files (x86)\MySQL\MySQL Fabric 1.5 & MySQL Utilities 1.5\Doctrine extensions for PHP\;C:\Program Files\Git\cmd;C:\Program Files\nodejs\;C:\Program Files (x86)\GtkSharp\2.12\bin;C:\WINDOWS\system32\config\systemprofile\.dnx\bin;C:\Program Files\Microsoft DNX\Dnvm\;C:\Program Files\Microsoft SQL Server\130\Tools\Binn\;C:\Users\ejer\Desktop\Skole arb\Datamatiker\FunktionalProgramming\Elm\0.18\bin;C:\Users\ejer\AppData\Local\Microsoft\WindowsApps;C:\Program Files (x86)\Microsoft VS Code\bin;C:\Users\ejer\AppData\Roaming\npm;C:\Users\ejer\AppData\Local\atom\bin
10 verbose lifecycle mongoosedemo@1.0.0~start: CWD: C:\Users\ejer\Desktop\Skole arb\Datamatiker\JavaScript\P3Handin\mongooseExercise
11 silly lifecycle mongoosedemo@1.0.0~start: Args: [ '/d /s /c', 'node serverStart' ]
12 silly lifecycle mongoosedemo@1.0.0~start: Returned: code: 3221225786  signal: null
13 info lifecycle mongoosedemo@1.0.0~start: Failed to exec start script
14 verbose stack Error: mongoosedemo@1.0.0 start: `node serverStart`
14 verbose stack Exit status 3221225786
14 verbose stack     at EventEmitter.<anonymous> (C:\Program Files\nodejs\node_modules\npm\lib\utils\lifecycle.js:279:16)
14 verbose stack     at emitTwo (events.js:106:13)
14 verbose stack     at EventEmitter.emit (events.js:191:7)
14 verbose stack     at ChildProcess.<anonymous> (C:\Program Files\nodejs\node_modules\npm\lib\utils\spawn.js:40:14)
14 verbose stack     at emitTwo (events.js:106:13)
14 verbose stack     at ChildProcess.emit (events.js:191:7)
14 verbose stack     at maybeClose (internal/child_process.js:885:16)
14 verbose stack     at Process.ChildProcess._handle.onexit (internal/child_process.js:226:5)
15 verbose pkgid mongoosedemo@1.0.0
16 verbose cwd C:\Users\ejer\Desktop\Skole arb\Datamatiker\JavaScript\P3Handin\mongooseExercise
17 error Windows_NT 10.0.14393
18 error argv "C:\\Program Files\\nodejs\\node.exe" "C:\\Program Files\\nodejs\\node_modules\\npm\\bin\\npm-cli.js" "start"
19 error node v7.4.0
20 error npm  v4.0.5
21 error code ELIFECYCLE
22 error mongoosedemo@1.0.0 start: `node serverStart`
22 error Exit status 3221225786
23 error Failed at the mongoosedemo@1.0.0 start script 'node serverStart'.
23 error Make sure you have the latest version of node.js and npm installed.
23 error If you do, this is most likely a problem with the mongoosedemo package,
23 error not with npm itself.
23 error Tell the author that this fails on your system:
23 error     node serverStart
23 error You can get information on how to open an issue for this project with:
23 error     npm bugs mongoosedemo
23 error Or if that isn't available, you can get their info via:
23 error     npm owner ls mongoosedemo
23 error There is likely additional logging output above.
24 verbose exit [ 1, true ]
